2025-03-30 7:34:30 - PHP Unknown:  str_replace(): Passing null to parameter #3 ($subject) of type array|string is deprecated in /www/wwwroot/esg-dm.elfbar.tw/website/system/library/db/pdo.php on line 85
2025-03-30 7:34:54 - PHP Unknown:  str_replace(): Passing null to parameter #3 ($subject) of type array|string is deprecated in /www/wwwroot/esg-dm.elfbar.tw/website/system/library/db/pdo.php on line 85
2025-03-30 7:34:56 - PHP Unknown:  str_replace(): Passing null to parameter #3 ($subject) of type array|string is deprecated in /www/wwwroot/esg-dm.elfbar.tw/website/system/library/db/pdo.php on line 85
2025-03-30 7:36:01 - PHP Warning:  realpath(): open_basedir restriction in effect. File(/www/wwwroot) is not within the allowed path(s): (/www/wwwroot/esg-dm.elfbar.tw/:/tmp/) in /www/wwwroot/esg-dm.elfbar.tw/website/admin/controller/common/security.php on line 26
2025-03-30 8:06:42 - PHP Unknown:  str_replace(): Passing null to parameter #3 ($subject) of type array|string is deprecated in /www/wwwroot/esg-dm.elfbar.tw/website/system/library/db/pdo.php on line 85
2025-03-30 8:40:51 - PHP Unknown:  str_replace(): Passing null to parameter #3 ($subject) of type array|string is deprecated in /www/wwwroot/esg-dm.elfbar.tw/website/system/library/db/pdo.php on line 85
2025-03-30 8:40:52 - PHP Unknown:  str_replace(): Passing null to parameter #3 ($subject) of type array|string is deprecated in /www/wwwroot/esg-dm.elfbar.tw/website/system/library/db/pdo.php on line 85
2025-03-30 8:40:54 - PHP Unknown:  str_replace(): Passing null to parameter #3 ($subject) of type array|string is deprecated in /www/wwwroot/esg-dm.elfbar.tw/website/system/library/db/pdo.php on line 85
2025-03-30 8:41:21 - PHP Unknown:  str_replace(): Passing null to parameter #3 ($subject) of type array|string is deprecated in /www/wwwroot/esg-dm.elfbar.tw/website/system/library/db/pdo.php on line 85
2025-03-30 8:41:34 - PHP Unknown:  str_replace(): Passing null to parameter #3 ($subject) of type array|string is deprecated in /www/wwwroot/esg-dm.elfbar.tw/website/system/library/db/pdo.php on line 85
2025-03-30 8:48:45 - PHP Unknown:  str_replace(): Passing null to parameter #3 ($subject) of type array|string is deprecated in /www/wwwroot/esg-dm.elfbar.tw/website/system/library/db/pdo.php on line 85
2025-03-30 8:58:22 - PHP Unknown:  str_replace(): Passing null to parameter #3 ($subject) of type array|string is deprecated in /www/wwwroot/esg-dm.elfbar.tw/website/system/library/db/pdo.php on line 85
2025-03-30 8:58:42 - PHP Unknown:  str_replace(): Passing null to parameter #3 ($subject) of type array|string is deprecated in /www/wwwroot/esg-dm.elfbar.tw/website/system/library/db/pdo.php on line 85
2025-03-30 8:58:45 - PHP Unknown:  str_replace(): Passing null to parameter #3 ($subject) of type array|string is deprecated in /www/wwwroot/esg-dm.elfbar.tw/website/system/library/db/pdo.php on line 85
2025-03-30 8:59:34 - PHP Unknown:  str_replace(): Passing null to parameter #3 ($subject) of type array|string is deprecated in /www/wwwroot/esg-dm.elfbar.tw/website/system/library/db/pdo.php on line 85
2025-03-30 9:01:06 - PHP Unknown:  str_replace(): Passing null to parameter #3 ($subject) of type array|string is deprecated in /www/wwwroot/esg-dm.elfbar.tw/website/system/library/db/pdo.php on line 85
2025-03-30 12:35:59 - PHP Unknown:  str_replace(): Passing null to parameter #3 ($subject) of type array|string is deprecated in /www/wwwroot/esg-dm.elfbar.tw/website/system/library/db/pdo.php on line 85
2025-03-30 12:37:10 - PHP Unknown:  str_replace(): Passing null to parameter #3 ($subject) of type array|string is deprecated in /www/wwwroot/esg-dm.elfbar.tw/website/system/library/db/pdo.php on line 85
2025-03-30 12:38:32 - PHP Unknown:  str_replace(): Passing null to parameter #3 ($subject) of type array|string is deprecated in /www/wwwroot/esg-dm.elfbar.tw/website/system/library/db/pdo.php on line 85
2025-03-30 12:38:58 - PHP Unknown:  str_replace(): Passing null to parameter #3 ($subject) of type array|string is deprecated in /www/wwwroot/esg-dm.elfbar.tw/website/system/library/db/pdo.php on line 85
2025-03-30 12:39:08 - PHP Unknown:  str_replace(): Passing null to parameter #3 ($subject) of type array|string is deprecated in /www/wwwroot/esg-dm.elfbar.tw/website/system/library/db/pdo.php on line 85
2025-03-30 12:39:49 - PHP Unknown:  str_replace(): Passing null to parameter #3 ($subject) of type array|string is deprecated in /www/wwwroot/esg-dm.elfbar.tw/website/system/library/db/pdo.php on line 85
2025-03-30 17:53:40 - PHP Warning:  Undefined variable $information_info in /www/wwwroot/esg-dm.elfbar.tw/website/catalog/controller/information/service.php on line 28
2025-03-30 17:53:40 - PHP Warning:  Trying to access array offset on null in /www/wwwroot/esg-dm.elfbar.tw/website/catalog/controller/information/service.php on line 28
2025-03-30 17:53:40 - PHP Warning:  Undefined variable $information_info in /www/wwwroot/esg-dm.elfbar.tw/website/catalog/controller/information/service.php on line 29
2025-03-30 17:53:40 - PHP Warning:  Trying to access array offset on null in /www/wwwroot/esg-dm.elfbar.tw/website/catalog/controller/information/service.php on line 29
2025-03-30 17:53:40 - PHP Warning:  Undefined variable $information_info in /www/wwwroot/esg-dm.elfbar.tw/website/catalog/controller/information/service.php on line 30
2025-03-30 17:53:40 - PHP Warning:  Trying to access array offset on null in /www/wwwroot/esg-dm.elfbar.tw/website/catalog/controller/information/service.php on line 30
2025-03-30 17:53:40 - PHP Warning:  Undefined variable $information_info in /www/wwwroot/esg-dm.elfbar.tw/website/catalog/controller/information/service.php on line 33
2025-03-30 17:53:40 - PHP Warning:  Trying to access array offset on null in /www/wwwroot/esg-dm.elfbar.tw/website/catalog/controller/information/service.php on line 33
2025-03-30 17:53:40 - PHP Warning:  Undefined variable $information_id in /www/wwwroot/esg-dm.elfbar.tw/website/catalog/controller/information/service.php on line 34
2025-03-30 17:53:40 - PHP Warning:  Undefined variable $information_info in /www/wwwroot/esg-dm.elfbar.tw/website/catalog/controller/information/service.php on line 37
2025-03-30 17:53:40 - PHP Warning:  Trying to access array offset on null in /www/wwwroot/esg-dm.elfbar.tw/website/catalog/controller/information/service.php on line 37
2025-03-30 17:53:40 - PHP Warning:  Undefined variable $information_info in /www/wwwroot/esg-dm.elfbar.tw/website/catalog/controller/information/service.php on line 39
2025-03-30 17:53:40 - PHP Warning:  Trying to access array offset on null in /www/wwwroot/esg-dm.elfbar.tw/website/catalog/controller/information/service.php on line 39
2025-03-30 17:53:40 - PHP Unknown:  html_entity_decode(): Passing null to parameter #1 ($string) of type string is deprecated in /www/wwwroot/esg-dm.elfbar.tw/website/catalog/controller/information/service.php on line 39
2025-03-30 17:55:27 - PHP Warning:  Undefined variable $information_info in /www/wwwroot/esg-dm.elfbar.tw/website/catalog/controller/information/service.php on line 28
2025-03-30 17:55:27 - PHP Warning:  Trying to access array offset on null in /www/wwwroot/esg-dm.elfbar.tw/website/catalog/controller/information/service.php on line 28
2025-03-30 17:55:27 - PHP Warning:  Undefined variable $information_info in /www/wwwroot/esg-dm.elfbar.tw/website/catalog/controller/information/service.php on line 29
2025-03-30 17:55:27 - PHP Warning:  Trying to access array offset on null in /www/wwwroot/esg-dm.elfbar.tw/website/catalog/controller/information/service.php on line 29
2025-03-30 17:55:27 - PHP Warning:  Undefined variable $information_info in /www/wwwroot/esg-dm.elfbar.tw/website/catalog/controller/information/service.php on line 30
2025-03-30 17:55:27 - PHP Warning:  Trying to access array offset on null in /www/wwwroot/esg-dm.elfbar.tw/website/catalog/controller/information/service.php on line 30
2025-03-30 17:55:27 - PHP Warning:  Undefined variable $information_info in /www/wwwroot/esg-dm.elfbar.tw/website/catalog/controller/information/service.php on line 33
2025-03-30 17:55:27 - PHP Warning:  Trying to access array offset on null in /www/wwwroot/esg-dm.elfbar.tw/website/catalog/controller/information/service.php on line 33
2025-03-30 17:55:27 - PHP Warning:  Undefined variable $information_id in /www/wwwroot/esg-dm.elfbar.tw/website/catalog/controller/information/service.php on line 34
2025-03-30 17:55:27 - PHP Warning:  Undefined variable $information_info in /www/wwwroot/esg-dm.elfbar.tw/website/catalog/controller/information/service.php on line 37
2025-03-30 17:55:27 - PHP Warning:  Trying to access array offset on null in /www/wwwroot/esg-dm.elfbar.tw/website/catalog/controller/information/service.php on line 37
2025-03-30 17:55:27 - PHP Warning:  Undefined variable $information_info in /www/wwwroot/esg-dm.elfbar.tw/website/catalog/controller/information/service.php on line 39
2025-03-30 17:55:27 - PHP Warning:  Trying to access array offset on null in /www/wwwroot/esg-dm.elfbar.tw/website/catalog/controller/information/service.php on line 39
2025-03-30 17:55:27 - PHP Unknown:  html_entity_decode(): Passing null to parameter #1 ($string) of type string is deprecated in /www/wwwroot/esg-dm.elfbar.tw/website/catalog/controller/information/service.php on line 39
2025-04-01 23:08:37 - PHP Warning:  Trying to access array offset on null in /www/wwwroot/esg-dm.elfbar.tw/website/admin/controller/extension/module/d_blog_module.php on line 190
2025-04-01 23:08:37 - PHP Warning:  Trying to access array offset on null in /www/wwwroot/esg-dm.elfbar.tw/website/admin/controller/extension/module/d_blog_module.php on line 218
2025-04-01 23:08:37 - PHP Warning:  Trying to access array offset on null in /www/wwwroot/esg-dm.elfbar.tw/website/admin/controller/extension/module/d_blog_module.php on line 218
2025-04-08 9:48:25 - PHP Warning:  Undefined array key "sub_title" in /www/wwwroot/esg-dm.elfbar.tw/website/admin/model/extension/d_blog_module/post.php on line 444
2025-04-08 9:48:39 - PHP Warning:  Undefined array key "sub_title" in /www/wwwroot/esg-dm.elfbar.tw/website/admin/model/extension/d_blog_module/post.php on line 444
2025-04-08 9:48:40 - PHP Warning:  mysqli::query(): (42S22/1054): Unknown column 'sub_title' in 'field list' in /www/wwwroot/esg-dm.elfbar.tw/website/system/library/db/mysqli.php on line 25
2025-04-08 9:50:53 - PHP Warning:  Trying to access array offset on false in /www/wwwroot/esg-dm.elfbar.tw/website/admin/controller/extension/d_blog_module/post.php on line 364
2025-05-11 17:29:55 - PHP Warning:  mysqli::query(): (42S22/1054): Unknown column 'p.page_image' in 'field list' in C:\xampp\htdocs\system\library\db\mysqli.php on line 25
2025-05-15 10:36:22 - PHP Warning:  mail(): Failed to connect to mailserver at &quot;localhost&quot; port 25, verify your &quot;SMTP&quot; and &quot;smtp_port&quot; setting in php.ini or use ini_set() in C:\xampp\htdocs\system\library\mail\mail.php on line 83
2025-05-18 6:43:01 - PHP Warning:  mail(): Failed to connect to mailserver at &quot;localhost&quot; port 25, verify your &quot;SMTP&quot; and &quot;smtp_port&quot; setting in php.ini or use ini_set() in C:\xampp\htdocs\system\library\mail\mail.php on line 83
2025-05-19 11:07:39 - PHP Warning:  mail(): Failed to connect to mailserver at &quot;localhost&quot; port 25, verify your &quot;SMTP&quot; and &quot;smtp_port&quot; setting in php.ini or use ini_set() in C:\xampp\htdocs\system\library\mail\mail.php on line 83
2025-05-19 20:37:52 - PHP Warning:  mail(): Failed to connect to mailserver at &quot;localhost&quot; port 25, verify your &quot;SMTP&quot; and &quot;smtp_port&quot; setting in php.ini or use ini_set() in C:\xampp\htdocs\system\library\mail\mail.php on line 83
2025-05-19 22:55:38 - PHP Warning:  mail(): Failed to connect to mailserver at &quot;localhost&quot; port 25, verify your &quot;SMTP&quot; and &quot;smtp_port&quot; setting in php.ini or use ini_set() in C:\xampp\htdocs\system\library\mail\mail.php on line 83
2025-05-20 8:07:57 - PHP Warning:  mail(): Failed to connect to mailserver at &quot;localhost&quot; port 25, verify your &quot;SMTP&quot; and &quot;smtp_port&quot; setting in php.ini or use ini_set() in C:\xampp\htdocs\system\library\mail\mail.php on line 83
2025-05-21 7:39:12 - PHP Warning:  mail(): Failed to connect to mailserver at &quot;localhost&quot; port 25, verify your &quot;SMTP&quot; and &quot;smtp_port&quot; setting in php.ini or use ini_set() in C:\xampp\htdocs\system\library\mail\mail.php on line 83
2025-05-22 9:18:12 - PHP Warning:  mail(): Failed to connect to mailserver at &quot;localhost&quot; port 25, verify your &quot;SMTP&quot; and &quot;smtp_port&quot; setting in php.ini or use ini_set() in C:\xampp\htdocs\system\library\mail\mail.php on line 83
2025-05-22 11:37:11 - PHP Warning:  mail(): Failed to connect to mailserver at &quot;localhost&quot; port 25, verify your &quot;SMTP&quot; and &quot;smtp_port&quot; setting in php.ini or use ini_set() in C:\xampp\htdocs\system\library\mail\mail.php on line 83
2025-05-23 16:24:52 - PHP Warning:  mail(): Failed to connect to mailserver at &quot;localhost&quot; port 25, verify your &quot;SMTP&quot; and &quot;smtp_port&quot; setting in php.ini or use ini_set() in C:\xampp\htdocs\system\library\mail\mail.php on line 83
2025-05-25 8:01:46 - PHP Warning:  mail(): Failed to connect to mailserver at &quot;localhost&quot; port 25, verify your &quot;SMTP&quot; and &quot;smtp_port&quot; setting in php.ini or use ini_set() in C:\xampp\htdocs\system\library\mail\mail.php on line 83
2025-05-25 9:01:09 - PHP Warning:  mail(): Failed to connect to mailserver at &quot;localhost&quot; port 25, verify your &quot;SMTP&quot; and &quot;smtp_port&quot; setting in php.ini or use ini_set() in C:\xampp\htdocs\system\library\mail\mail.php on line 83
2025-05-25 18:07:36 - PHP Warning:  mail(): Failed to connect to mailserver at &quot;localhost&quot; port 25, verify your &quot;SMTP&quot; and &quot;smtp_port&quot; setting in php.ini or use ini_set() in C:\xampp\htdocs\system\library\mail\mail.php on line 83
2025-05-25 18:12:52 - PHP Warning:  mail(): Failed to connect to mailserver at &quot;localhost&quot; port 25, verify your &quot;SMTP&quot; and &quot;smtp_port&quot; setting in php.ini or use ini_set() in C:\xampp\htdocs\system\library\mail\mail.php on line 83
2025-05-27 2:15:52 - PHP Warning:  mail(): Failed to connect to mailserver at &quot;localhost&quot; port 25, verify your &quot;SMTP&quot; and &quot;smtp_port&quot; setting in php.ini or use ini_set() in C:\xampp\htdocs\system\library\mail\mail.php on line 83
2025-05-27 11:09:17 - PHP Warning:  Undefined array key "filter_category" in C:\xampp\htdocs\admin\controller\extension\d_blog_module\post.php on line 155
2025-05-27 11:15:04 - PHP Warning:  Undefined array key "filter_category" in C:\xampp\htdocs\admin\controller\extension\d_blog_module\post.php on line 155
2025-05-27 11:18:31 - PHP Warning:  Undefined array key "filter_category" in C:\xampp\htdocs\admin\controller\extension\d_blog_module\post.php on line 155
2025-05-27 20:56:05 - PHP Warning:  mail(): Failed to connect to mailserver at &quot;localhost&quot; port 25, verify your &quot;SMTP&quot; and &quot;smtp_port&quot; setting in php.ini or use ini_set() in C:\xampp\htdocs\system\library\mail\mail.php on line 83
2025-05-27 21:27:30 - PHP Warning:  mail(): Failed to connect to mailserver at &quot;localhost&quot; port 25, verify your &quot;SMTP&quot; and &quot;smtp_port&quot; setting in php.ini or use ini_set() in C:\xampp\htdocs\system\library\mail\mail.php on line 83
2025-05-29 0:29:55 - PHP Warning:  mail(): Failed to connect to mailserver at &quot;localhost&quot; port 25, verify your &quot;SMTP&quot; and &quot;smtp_port&quot; setting in php.ini or use ini_set() in C:\xampp\htdocs\system\library\mail\mail.php on line 83
2025-05-29 3:11:41 - PHP Warning:  mail(): Failed to connect to mailserver at &quot;localhost&quot; port 25, verify your &quot;SMTP&quot; and &quot;smtp_port&quot; setting in php.ini or use ini_set() in C:\xampp\htdocs\system\library\mail\mail.php on line 83
2025-05-29 9:50:33 - PHP Warning:  mail(): Failed to connect to mailserver at &quot;localhost&quot; port 25, verify your &quot;SMTP&quot; and &quot;smtp_port&quot; setting in php.ini or use ini_set() in C:\xampp\htdocs\system\library\mail\mail.php on line 83
2025-05-30 2:21:21 - PHP Warning:  mail(): Failed to connect to mailserver at &quot;localhost&quot; port 25, verify your &quot;SMTP&quot; and &quot;smtp_port&quot; setting in php.ini or use ini_set() in C:\xampp\htdocs\system\library\mail\mail.php on line 83
2025-05-30 5:45:32 - PHP Warning:  mail(): Failed to connect to mailserver at &quot;localhost&quot; port 25, verify your &quot;SMTP&quot; and &quot;smtp_port&quot; setting in php.ini or use ini_set() in C:\xampp\htdocs\system\library\mail\mail.php on line 83
2025-05-30 21:12:45 - PHP Warning:  mail(): Failed to connect to mailserver at &quot;localhost&quot; port 25, verify your &quot;SMTP&quot; and &quot;smtp_port&quot; setting in php.ini or use ini_set() in C:\xampp\htdocs\system\library\mail\mail.php on line 83
2025-05-30 21:53:24 - PHP Warning:  mail(): Failed to connect to mailserver at &quot;localhost&quot; port 25, verify your &quot;SMTP&quot; and &quot;smtp_port&quot; setting in php.ini or use ini_set() in C:\xampp\htdocs\system\library\mail\mail.php on line 83
2025-05-31 1:06:59 - PHP Warning:  mail(): Failed to connect to mailserver at &quot;localhost&quot; port 25, verify your &quot;SMTP&quot; and &quot;smtp_port&quot; setting in php.ini or use ini_set() in C:\xampp\htdocs\system\library\mail\mail.php on line 83
2025-05-31 7:22:35 - PHP Warning:  mail(): Failed to connect to mailserver at &quot;localhost&quot; port 25, verify your &quot;SMTP&quot; and &quot;smtp_port&quot; setting in php.ini or use ini_set() in C:\xampp\htdocs\system\library\mail\mail.php on line 83
2025-06-01 16:50:35 - PHP Warning:  mail(): Failed to connect to mailserver at &quot;localhost&quot; port 25, verify your &quot;SMTP&quot; and &quot;smtp_port&quot; setting in php.ini or use ini_set() in C:\xampp\htdocs\system\library\mail\mail.php on line 83
2025-06-01 19:41:52 - PHP Warning:  mail(): Failed to connect to mailserver at &quot;localhost&quot; port 25, verify your &quot;SMTP&quot; and &quot;smtp_port&quot; setting in php.ini or use ini_set() in C:\xampp\htdocs\system\library\mail\mail.php on line 83
2025-06-02 6:18:09 - PHP Warning:  mail(): Failed to connect to mailserver at &quot;localhost&quot; port 25, verify your &quot;SMTP&quot; and &quot;smtp_port&quot; setting in php.ini or use ini_set() in C:\xampp\htdocs\system\library\mail\mail.php on line 83
2025-06-03 3:17:45 - PHP Warning:  mail(): Failed to connect to mailserver at &quot;localhost&quot; port 25, verify your &quot;SMTP&quot; and &quot;smtp_port&quot; setting in php.ini or use ini_set() in C:\xampp\htdocs\system\library\mail\mail.php on line 83
2025-06-04 0:40:16 - PHP Warning:  mail(): Failed to connect to mailserver at &quot;localhost&quot; port 25, verify your &quot;SMTP&quot; and &quot;smtp_port&quot; setting in php.ini or use ini_set() in C:\xampp\htdocs\system\library\mail\mail.php on line 83
2025-06-04 16:09:46 - PHP Warning:  mail(): Failed to connect to mailserver at &quot;localhost&quot; port 25, verify your &quot;SMTP&quot; and &quot;smtp_port&quot; setting in php.ini or use ini_set() in C:\xampp\htdocs\system\library\mail\mail.php on line 83
2025-06-04 20:47:04 - PHP Warning:  mail(): Failed to connect to mailserver at &quot;localhost&quot; port 25, verify your &quot;SMTP&quot; and &quot;smtp_port&quot; setting in php.ini or use ini_set() in C:\xampp\htdocs\system\library\mail\mail.php on line 83
2025-06-05 12:51:46 - PHP Warning:  mail(): Failed to connect to mailserver at &quot;localhost&quot; port 25, verify your &quot;SMTP&quot; and &quot;smtp_port&quot; setting in php.ini or use ini_set() in C:\xampp\htdocs\system\library\mail\mail.php on line 83
2025-06-05 22:16:42 - PHP Warning:  mail(): Failed to connect to mailserver at &quot;localhost&quot; port 25, verify your &quot;SMTP&quot; and &quot;smtp_port&quot; setting in php.ini or use ini_set() in C:\xampp\htdocs\system\library\mail\mail.php on line 83
2025-06-06 4:47:28 - PHP Warning:  mail(): Failed to connect to mailserver at &quot;localhost&quot; port 25, verify your &quot;SMTP&quot; and &quot;smtp_port&quot; setting in php.ini or use ini_set() in C:\xampp\htdocs\system\library\mail\mail.php on line 83
2025-06-07 7:28:27 - PHP Warning:  mail(): Failed to connect to mailserver at &quot;localhost&quot; port 25, verify your &quot;SMTP&quot; and &quot;smtp_port&quot; setting in php.ini or use ini_set() in C:\xampp\htdocs\system\library\mail\mail.php on line 83
2025-06-07 9:58:21 - PHP Warning:  mail(): Failed to connect to mailserver at &quot;localhost&quot; port 25, verify your &quot;SMTP&quot; and &quot;smtp_port&quot; setting in php.ini or use ini_set() in C:\xampp\htdocs\system\library\mail\mail.php on line 83
2025-06-08 3:57:43 - PHP Warning:  mail(): Failed to connect to mailserver at &quot;localhost&quot; port 25, verify your &quot;SMTP&quot; and &quot;smtp_port&quot; setting in php.ini or use ini_set() in C:\xampp\htdocs\system\library\mail\mail.php on line 83
2025-06-08 8:39:21 - PHP Warning:  mail(): Failed to connect to mailserver at &quot;localhost&quot; port 25, verify your &quot;SMTP&quot; and &quot;smtp_port&quot; setting in php.ini or use ini_set() in C:\xampp\htdocs\system\library\mail\mail.php on line 83
2025-06-09 5:42:53 - PHP Warning:  mail(): Failed to connect to mailserver at &quot;localhost&quot; port 25, verify your &quot;SMTP&quot; and &quot;smtp_port&quot; setting in php.ini or use ini_set() in C:\xampp\htdocs\system\library\mail\mail.php on line 83
2025-06-09 21:50:34 - PHP Warning:  mail(): Failed to connect to mailserver at &quot;localhost&quot; port 25, verify your &quot;SMTP&quot; and &quot;smtp_port&quot; setting in php.ini or use ini_set() in C:\xampp\htdocs\system\library\mail\mail.php on line 83
2025-06-10 2:45:19 - PHP Warning:  mail(): Failed to connect to mailserver at &quot;localhost&quot; port 25, verify your &quot;SMTP&quot; and &quot;smtp_port&quot; setting in php.ini or use ini_set() in C:\xampp\htdocs\system\library\mail\mail.php on line 83
2025-06-10 12:24:44 - PHP Warning:  mail(): Failed to connect to mailserver at &quot;localhost&quot; port 25, verify your &quot;SMTP&quot; and &quot;smtp_port&quot; setting in php.ini or use ini_set() in C:\xampp\htdocs\system\library\mail\mail.php on line 83
2025-06-10 22:08:13 - PHP Warning:  mail(): Failed to connect to mailserver at &quot;localhost&quot; port 25, verify your &quot;SMTP&quot; and &quot;smtp_port&quot; setting in php.ini or use ini_set() in C:\xampp\htdocs\system\library\mail\mail.php on line 83
2025-06-11 6:53:26 - PHP Warning:  mail(): Failed to connect to mailserver at &quot;localhost&quot; port 25, verify your &quot;SMTP&quot; and &quot;smtp_port&quot; setting in php.ini or use ini_set() in C:\xampp\htdocs\system\library\mail\mail.php on line 83
2025-06-13 18:27:58 - PHP Warning:  mail(): Failed to connect to mailserver at &quot;localhost&quot; port 25, verify your &quot;SMTP&quot; and &quot;smtp_port&quot; setting in php.ini or use ini_set() in C:\xampp\htdocs\system\library\mail\mail.php on line 83
2025-06-13 19:32:18 - PHP Warning:  mail(): Failed to connect to mailserver at &quot;localhost&quot; port 25, verify your &quot;SMTP&quot; and &quot;smtp_port&quot; setting in php.ini or use ini_set() in C:\xampp\htdocs\system\library\mail\mail.php on line 83
2025-06-14 6:37:32 - PHP Warning:  mail(): Failed to connect to mailserver at &quot;localhost&quot; port 25, verify your &quot;SMTP&quot; and &quot;smtp_port&quot; setting in php.ini or use ini_set() in C:\xampp\htdocs\system\library\mail\mail.php on line 83
2025-06-14 8:38:39 - PHP Warning:  mail(): Failed to connect to mailserver at &quot;localhost&quot; port 25, verify your &quot;SMTP&quot; and &quot;smtp_port&quot; setting in php.ini or use ini_set() in C:\xampp\htdocs\system\library\mail\mail.php on line 83
2025-07-20 7:47:05 - PHP Warning:  mail(): Failed to connect to mailserver at &quot;localhost&quot; port 25, verify your &quot;SMTP&quot; and &quot;smtp_port&quot; setting in php.ini or use ini_set() in C:\xampp\htdocs\system\library\mail\mail.php on line 83
2025-07-20 20:34:22 - PHP Warning:  mail(): Failed to connect to mailserver at &quot;localhost&quot; port 25, verify your &quot;SMTP&quot; and &quot;smtp_port&quot; setting in php.ini or use ini_set() in C:\xampp\htdocs\system\library\mail\mail.php on line 83
2025-07-21 2:27:03 - PHP Warning:  mail(): Failed to connect to mailserver at &quot;localhost&quot; port 25, verify your &quot;SMTP&quot; and &quot;smtp_port&quot; setting in php.ini or use ini_set() in C:\xampp\htdocs\system\library\mail\mail.php on line 83
2025-07-25 0:25:05 - PHP Warning:  mail(): Failed to connect to mailserver at &quot;localhost&quot; port 25, verify your &quot;SMTP&quot; and &quot;smtp_port&quot; setting in php.ini or use ini_set() in C:\xampp\htdocs\system\library\mail\mail.php on line 83
2025-07-26 6:34:03 - PHP Warning:  mail(): Failed to connect to mailserver at &quot;localhost&quot; port 25, verify your &quot;SMTP&quot; and &quot;smtp_port&quot; setting in php.ini or use ini_set() in C:\xampp\htdocs\system\library\mail\mail.php on line 83
2025-07-27 7:13:09 - PHP Warning:  mail(): Failed to connect to mailserver at &quot;localhost&quot; port 25, verify your &quot;SMTP&quot; and &quot;smtp_port&quot; setting in php.ini or use ini_set() in C:\xampp\htdocs\system\library\mail\mail.php on line 83
2025-07-29 9:32:49 - PHP Warning:  mail(): Failed to connect to mailserver at &quot;localhost&quot; port 25, verify your &quot;SMTP&quot; and &quot;smtp_port&quot; setting in php.ini or use ini_set() in C:\xampp\htdocs\system\library\mail\mail.php on line 83
2025-07-29 16:16:37 - PHP Warning:  mail(): Failed to connect to mailserver at &quot;localhost&quot; port 25, verify your &quot;SMTP&quot; and &quot;smtp_port&quot; setting in php.ini or use ini_set() in C:\xampp\htdocs\system\library\mail\mail.php on line 83
2025-08-04 4:22:58 - PHP Warning:  mail(): Failed to connect to mailserver at &quot;localhost&quot; port 25, verify your &quot;SMTP&quot; and &quot;smtp_port&quot; setting in php.ini or use ini_set() in C:\xampp\htdocs\system\library\mail\mail.php on line 83
2025-08-04 14:11:47 - PHP Warning:  mail(): Failed to connect to mailserver at &quot;localhost&quot; port 25, verify your &quot;SMTP&quot; and &quot;smtp_port&quot; setting in php.ini or use ini_set() in C:\xampp\htdocs\system\library\mail\mail.php on line 83
2025-08-04 15:42:58 - PHP Warning:  mail(): Failed to connect to mailserver at &quot;localhost&quot; port 25, verify your &quot;SMTP&quot; and &quot;smtp_port&quot; setting in php.ini or use ini_set() in C:\xampp\htdocs\system\library\mail\mail.php on line 83
2025-08-06 2:57:25 - PHP Warning:  Undefined array key "title" in C:\xampp\htdocs\catalog\controller\extension\d_blog_module\search.php on line 117
2025-08-06 17:02:29 - PHP Warning:  mail(): Failed to connect to mailserver at &quot;localhost&quot; port 25, verify your &quot;SMTP&quot; and &quot;smtp_port&quot; setting in php.ini or use ini_set() in C:\xampp\htdocs\system\library\mail\mail.php on line 83
2025-08-06 17:13:39 - PHP Warning:  Undefined array key "title" in C:\xampp\htdocs\catalog\controller\extension\d_blog_module\search.php on line 117
2025-08-06 17:45:34 - PHP Warning:  mail(): Failed to connect to mailserver at &quot;localhost&quot; port 25, verify your &quot;SMTP&quot; and &quot;smtp_port&quot; setting in php.ini or use ini_set() in C:\xampp\htdocs\system\library\mail\mail.php on line 83
2025-08-06 19:44:02 - PHP Warning:  mail(): Failed to connect to mailserver at &quot;localhost&quot; port 25, verify your &quot;SMTP&quot; and &quot;smtp_port&quot; setting in php.ini or use ini_set() in C:\xampp\htdocs\system\library\mail\mail.php on line 83
2025-08-06 23:55:28 - PHP Warning:  Undefined array key "title" in C:\xampp\htdocs\catalog\controller\extension\d_blog_module\search.php on line 117
2025-08-07 6:44:55 - PHP Warning:  mail(): Failed to connect to mailserver at &quot;localhost&quot; port 25, verify your &quot;SMTP&quot; and &quot;smtp_port&quot; setting in php.ini or use ini_set() in C:\xampp\htdocs\system\library\mail\mail.php on line 83
2025-08-07 10:35:23 - PHP Warning:  mail(): Failed to connect to mailserver at &quot;localhost&quot; port 25, verify your &quot;SMTP&quot; and &quot;smtp_port&quot; setting in php.ini or use ini_set() in C:\xampp\htdocs\system\library\mail\mail.php on line 83
2025-08-07 14:10:57 - PHP Warning:  mail(): Failed to connect to mailserver at &quot;localhost&quot; port 25, verify your &quot;SMTP&quot; and &quot;smtp_port&quot; setting in php.ini or use ini_set() in C:\xampp\htdocs\system\library\mail\mail.php on line 83
2025-08-07 20:11:04 - PHP Warning:  mail(): Failed to connect to mailserver at &quot;localhost&quot; port 25, verify your &quot;SMTP&quot; and &quot;smtp_port&quot; setting in php.ini or use ini_set() in C:\xampp\htdocs\system\library\mail\mail.php on line 83
2025-08-07 23:34:08 - PHP Warning:  mail(): Failed to connect to mailserver at &quot;localhost&quot; port 25, verify your &quot;SMTP&quot; and &quot;smtp_port&quot; setting in php.ini or use ini_set() in C:\xampp\htdocs\system\library\mail\mail.php on line 83
2025-08-08 4:48:26 - PHP Warning:  mail(): Failed to connect to mailserver at &quot;localhost&quot; port 25, verify your &quot;SMTP&quot; and &quot;smtp_port&quot; setting in php.ini or use ini_set() in C:\xampp\htdocs\system\library\mail\mail.php on line 83
2025-08-08 12:38:54 - PHP Warning:  mail(): Failed to connect to mailserver at &quot;localhost&quot; port 25, verify your &quot;SMTP&quot; and &quot;smtp_port&quot; setting in php.ini or use ini_set() in C:\xampp\htdocs\system\library\mail\mail.php on line 83
2025-08-08 19:41:48 - PHP Warning:  mail(): Failed to connect to mailserver at &quot;localhost&quot; port 25, verify your &quot;SMTP&quot; and &quot;smtp_port&quot; setting in php.ini or use ini_set() in C:\xampp\htdocs\system\library\mail\mail.php on line 83
2025-08-09 0:37:05 - PHP Warning:  mail(): Failed to connect to mailserver at &quot;localhost&quot; port 25, verify your &quot;SMTP&quot; and &quot;smtp_port&quot; setting in php.ini or use ini_set() in C:\xampp\htdocs\system\library\mail\mail.php on line 83
2025-08-09 5:40:32 - PHP Warning:  mail(): Failed to connect to mailserver at &quot;localhost&quot; port 25, verify your &quot;SMTP&quot; and &quot;smtp_port&quot; setting in php.ini or use ini_set() in C:\xampp\htdocs\system\library\mail\mail.php on line 83
2025-08-10 1:06:57 - PHP Warning:  mail(): Failed to connect to mailserver at &quot;localhost&quot; port 25, verify your &quot;SMTP&quot; and &quot;smtp_port&quot; setting in php.ini or use ini_set() in C:\xampp\htdocs\system\library\mail\mail.php on line 83
2025-08-10 3:22:27 - PHP Warning:  mail(): Failed to connect to mailserver at &quot;localhost&quot; port 25, verify your &quot;SMTP&quot; and &quot;smtp_port&quot; setting in php.ini or use ini_set() in C:\xampp\htdocs\system\library\mail\mail.php on line 83
2025-08-10 15:11:00 - PHP Warning:  mail(): Failed to connect to mailserver at &quot;localhost&quot; port 25, verify your &quot;SMTP&quot; and &quot;smtp_port&quot; setting in php.ini or use ini_set() in C:\xampp\htdocs\system\library\mail\mail.php on line 83
2025-08-11 11:52:08 - PHP Warning:  mail(): Failed to connect to mailserver at &quot;localhost&quot; port 25, verify your &quot;SMTP&quot; and &quot;smtp_port&quot; setting in php.ini or use ini_set() in C:\xampp\htdocs\system\library\mail\mail.php on line 83
2025-08-14 3:03:40 - PHP Warning:  mail(): Failed to connect to mailserver at &quot;localhost&quot; port 25, verify your &quot;SMTP&quot; and &quot;smtp_port&quot; setting in php.ini or use ini_set() in C:\xampp\htdocs\system\library\mail\mail.php on line 83
2025-08-14 14:45:03 - PHP Warning:  mail(): Failed to connect to mailserver at &quot;localhost&quot; port 25, verify your &quot;SMTP&quot; and &quot;smtp_port&quot; setting in php.ini or use ini_set() in C:\xampp\htdocs\system\library\mail\mail.php on line 83
2025-08-16 0:27:44 - PHP Warning:  mail(): Failed to connect to mailserver at &quot;localhost&quot; port 25, verify your &quot;SMTP&quot; and &quot;smtp_port&quot; setting in php.ini or use ini_set() in C:\xampp\htdocs\system\library\mail\mail.php on line 83
2025-08-17 19:28:32 - PHP Warning:  mail(): Failed to connect to mailserver at &quot;localhost&quot; port 25, verify your &quot;SMTP&quot; and &quot;smtp_port&quot; setting in php.ini or use ini_set() in C:\xampp\htdocs\system\library\mail\mail.php on line 83
2025-08-17 19:28:37 - PHP Warning:  mail(): Failed to connect to mailserver at &quot;localhost&quot; port 25, verify your &quot;SMTP&quot; and &quot;smtp_port&quot; setting in php.ini or use ini_set() in C:\xampp\htdocs\system\library\mail\mail.php on line 83
2025-08-17 19:28:44 - PHP Warning:  mail(): Failed to connect to mailserver at &quot;localhost&quot; port 25, verify your &quot;SMTP&quot; and &quot;smtp_port&quot; setting in php.ini or use ini_set() in C:\xampp\htdocs\system\library\mail\mail.php on line 83
2025-08-17 19:28:50 - PHP Warning:  mail(): Failed to connect to mailserver at &quot;localhost&quot; port 25, verify your &quot;SMTP&quot; and &quot;smtp_port&quot; setting in php.ini or use ini_set() in C:\xampp\htdocs\system\library\mail\mail.php on line 83
2025-08-17 19:28:57 - PHP Warning:  mail(): Failed to connect to mailserver at &quot;localhost&quot; port 25, verify your &quot;SMTP&quot; and &quot;smtp_port&quot; setting in php.ini or use ini_set() in C:\xampp\htdocs\system\library\mail\mail.php on line 83
2025-08-17 19:29:03 - PHP Warning:  mail(): Failed to connect to mailserver at &quot;localhost&quot; port 25, verify your &quot;SMTP&quot; and &quot;smtp_port&quot; setting in php.ini or use ini_set() in C:\xampp\htdocs\system\library\mail\mail.php on line 83
2025-08-18 22:39:46 - PHP Warning:  mail(): Failed to connect to mailserver at &quot;localhost&quot; port 25, verify your &quot;SMTP&quot; and &quot;smtp_port&quot; setting in php.ini or use ini_set() in C:\xampp\htdocs\system\library\mail\mail.php on line 83
2025-08-19 17:29:04 - PHP Warning:  mail(): Failed to connect to mailserver at &quot;localhost&quot; port 25, verify your &quot;SMTP&quot; and &quot;smtp_port&quot; setting in php.ini or use ini_set() in C:\xampp\htdocs\system\library\mail\mail.php on line 83
2025-08-19 17:29:09 - PHP Warning:  mail(): Failed to connect to mailserver at &quot;localhost&quot; port 25, verify your &quot;SMTP&quot; and &quot;smtp_port&quot; setting in php.ini or use ini_set() in C:\xampp\htdocs\system\library\mail\mail.php on line 83
2025-08-19 17:29:15 - PHP Warning:  mail(): Failed to connect to mailserver at &quot;localhost&quot; port 25, verify your &quot;SMTP&quot; and &quot;smtp_port&quot; setting in php.ini or use ini_set() in C:\xampp\htdocs\system\library\mail\mail.php on line 83
2025-08-19 17:29:22 - PHP Warning:  mail(): Failed to connect to mailserver at &quot;localhost&quot; port 25, verify your &quot;SMTP&quot; and &quot;smtp_port&quot; setting in php.ini or use ini_set() in C:\xampp\htdocs\system\library\mail\mail.php on line 83
2025-08-19 17:29:29 - PHP Warning:  mail(): Failed to connect to mailserver at &quot;localhost&quot; port 25, verify your &quot;SMTP&quot; and &quot;smtp_port&quot; setting in php.ini or use ini_set() in C:\xampp\htdocs\system\library\mail\mail.php on line 83
2025-08-19 17:29:35 - PHP Warning:  mail(): Failed to connect to mailserver at &quot;localhost&quot; port 25, verify your &quot;SMTP&quot; and &quot;smtp_port&quot; setting in php.ini or use ini_set() in C:\xampp\htdocs\system\library\mail\mail.php on line 83
2025-08-20 23:26:25 - PHP Warning:  mail(): Failed to connect to mailserver at &quot;localhost&quot; port 25, verify your &quot;SMTP&quot; and &quot;smtp_port&quot; setting in php.ini or use ini_set() in C:\xampp\htdocs\system\library\mail\mail.php on line 83
2025-08-20 23:26:30 - PHP Warning:  mail(): Failed to connect to mailserver at &quot;localhost&quot; port 25, verify your &quot;SMTP&quot; and &quot;smtp_port&quot; setting in php.ini or use ini_set() in C:\xampp\htdocs\system\library\mail\mail.php on line 83
2025-08-20 23:26:36 - PHP Warning:  mail(): Failed to connect to mailserver at &quot;localhost&quot; port 25, verify your &quot;SMTP&quot; and &quot;smtp_port&quot; setting in php.ini or use ini_set() in C:\xampp\htdocs\system\library\mail\mail.php on line 83
2025-08-20 23:26:43 - PHP Warning:  mail(): Failed to connect to mailserver at &quot;localhost&quot; port 25, verify your &quot;SMTP&quot; and &quot;smtp_port&quot; setting in php.ini or use ini_set() in C:\xampp\htdocs\system\library\mail\mail.php on line 83
2025-08-20 23:26:49 - PHP Warning:  mail(): Failed to connect to mailserver at &quot;localhost&quot; port 25, verify your &quot;SMTP&quot; and &quot;smtp_port&quot; setting in php.ini or use ini_set() in C:\xampp\htdocs\system\library\mail\mail.php on line 83
2025-08-20 23:26:55 - PHP Warning:  mail(): Failed to connect to mailserver at &quot;localhost&quot; port 25, verify your &quot;SMTP&quot; and &quot;smtp_port&quot; setting in php.ini or use ini_set() in C:\xampp\htdocs\system\library\mail\mail.php on line 83
2025-08-22 1:37:54 - PHP Warning:  mail(): Failed to connect to mailserver at &quot;localhost&quot; port 25, verify your &quot;SMTP&quot; and &quot;smtp_port&quot; setting in php.ini or use ini_set() in C:\xampp\htdocs\system\library\mail\mail.php on line 83
2025-08-22 1:37:59 - PHP Warning:  mail(): Failed to connect to mailserver at &quot;localhost&quot; port 25, verify your &quot;SMTP&quot; and &quot;smtp_port&quot; setting in php.ini or use ini_set() in C:\xampp\htdocs\system\library\mail\mail.php on line 83
2025-08-22 1:38:05 - PHP Warning:  mail(): Failed to connect to mailserver at &quot;localhost&quot; port 25, verify your &quot;SMTP&quot; and &quot;smtp_port&quot; setting in php.ini or use ini_set() in C:\xampp\htdocs\system\library\mail\mail.php on line 83
2025-08-22 1:38:11 - PHP Warning:  mail(): Failed to connect to mailserver at &quot;localhost&quot; port 25, verify your &quot;SMTP&quot; and &quot;smtp_port&quot; setting in php.ini or use ini_set() in C:\xampp\htdocs\system\library\mail\mail.php on line 83
2025-08-22 1:38:18 - PHP Warning:  mail(): Failed to connect to mailserver at &quot;localhost&quot; port 25, verify your &quot;SMTP&quot; and &quot;smtp_port&quot; setting in php.ini or use ini_set() in C:\xampp\htdocs\system\library\mail\mail.php on line 83
2025-08-22 1:38:25 - PHP Warning:  mail(): Failed to connect to mailserver at &quot;localhost&quot; port 25, verify your &quot;SMTP&quot; and &quot;smtp_port&quot; setting in php.ini or use ini_set() in C:\xampp\htdocs\system\library\mail\mail.php on line 83
2025-08-22 7:02:26 - PHP Warning:  mail(): Failed to connect to mailserver at &quot;localhost&quot; port 25, verify your &quot;SMTP&quot; and &quot;smtp_port&quot; setting in php.ini or use ini_set() in C:\xampp\htdocs\system\library\mail\mail.php on line 83
2025-08-23 15:25:01 - PHP Warning:  mail(): Failed to connect to mailserver at &quot;localhost&quot; port 25, verify your &quot;SMTP&quot; and &quot;smtp_port&quot; setting in php.ini or use ini_set() in C:\xampp\htdocs\system\library\mail\mail.php on line 83
2025-08-23 15:25:07 - PHP Warning:  mail(): Failed to connect to mailserver at &quot;localhost&quot; port 25, verify your &quot;SMTP&quot; and &quot;smtp_port&quot; setting in php.ini or use ini_set() in C:\xampp\htdocs\system\library\mail\mail.php on line 83
2025-08-23 15:25:13 - PHP Warning:  mail(): Failed to connect to mailserver at &quot;localhost&quot; port 25, verify your &quot;SMTP&quot; and &quot;smtp_port&quot; setting in php.ini or use ini_set() in C:\xampp\htdocs\system\library\mail\mail.php on line 83
2025-08-23 15:25:21 - PHP Warning:  mail(): Failed to connect to mailserver at &quot;localhost&quot; port 25, verify your &quot;SMTP&quot; and &quot;smtp_port&quot; setting in php.ini or use ini_set() in C:\xampp\htdocs\system\library\mail\mail.php on line 83
2025-08-23 15:25:27 - PHP Warning:  mail(): Failed to connect to mailserver at &quot;localhost&quot; port 25, verify your &quot;SMTP&quot; and &quot;smtp_port&quot; setting in php.ini or use ini_set() in C:\xampp\htdocs\system\library\mail\mail.php on line 83
2025-08-23 15:25:34 - PHP Warning:  mail(): Failed to connect to mailserver at &quot;localhost&quot; port 25, verify your &quot;SMTP&quot; and &quot;smtp_port&quot; setting in php.ini or use ini_set() in C:\xampp\htdocs\system\library\mail\mail.php on line 83
2025-08-25 13:57:06 - PHP Warning:  mail(): Failed to connect to mailserver at &quot;localhost&quot; port 25, verify your &quot;SMTP&quot; and &quot;smtp_port&quot; setting in php.ini or use ini_set() in C:\xampp\htdocs\system\library\mail\mail.php on line 83
2025-08-25 13:57:12 - PHP Warning:  mail(): Failed to connect to mailserver at &quot;localhost&quot; port 25, verify your &quot;SMTP&quot; and &quot;smtp_port&quot; setting in php.ini or use ini_set() in C:\xampp\htdocs\system\library\mail\mail.php on line 83
2025-08-25 13:57:18 - PHP Warning:  mail(): Failed to connect to mailserver at &quot;localhost&quot; port 25, verify your &quot;SMTP&quot; and &quot;smtp_port&quot; setting in php.ini or use ini_set() in C:\xampp\htdocs\system\library\mail\mail.php on line 83
2025-08-25 13:57:25 - PHP Warning:  mail(): Failed to connect to mailserver at &quot;localhost&quot; port 25, verify your &quot;SMTP&quot; and &quot;smtp_port&quot; setting in php.ini or use ini_set() in C:\xampp\htdocs\system\library\mail\mail.php on line 83
2025-08-25 13:57:31 - PHP Warning:  mail(): Failed to connect to mailserver at &quot;localhost&quot; port 25, verify your &quot;SMTP&quot; and &quot;smtp_port&quot; setting in php.ini or use ini_set() in C:\xampp\htdocs\system\library\mail\mail.php on line 83
2025-08-25 13:57:37 - PHP Warning:  mail(): Failed to connect to mailserver at &quot;localhost&quot; port 25, verify your &quot;SMTP&quot; and &quot;smtp_port&quot; setting in php.ini or use ini_set() in C:\xampp\htdocs\system\library\mail\mail.php on line 83
2025-08-25 23:18:46 - PHP Warning:  mail(): Failed to connect to mailserver at &quot;localhost&quot; port 25, verify your &quot;SMTP&quot; and &quot;smtp_port&quot; setting in php.ini or use ini_set() in C:\xampp\htdocs\system\library\mail\mail.php on line 83
2025-08-28 2:44:08 - PHP Warning:  mail(): Failed to connect to mailserver at &quot;localhost&quot; port 25, verify your &quot;SMTP&quot; and &quot;smtp_port&quot; setting in php.ini or use ini_set() in C:\xampp\htdocs\system\library\mail\mail.php on line 83
2025-08-28 18:05:25 - PHP Warning:  mail(): Failed to connect to mailserver at &quot;localhost&quot; port 25, verify your &quot;SMTP&quot; and &quot;smtp_port&quot; setting in php.ini or use ini_set() in C:\xampp\htdocs\system\library\mail\mail.php on line 83
2025-08-29 6:06:25 - PHP Warning:  mail(): Failed to connect to mailserver at &quot;localhost&quot; port 25, verify your &quot;SMTP&quot; and &quot;smtp_port&quot; setting in php.ini or use ini_set() in C:\xampp\htdocs\system\library\mail\mail.php on line 83
2025-08-29 11:27:56 - PHP Warning:  mail(): Failed to connect to mailserver at &quot;localhost&quot; port 25, verify your &quot;SMTP&quot; and &quot;smtp_port&quot; setting in php.ini or use ini_set() in C:\xampp\htdocs\system\library\mail\mail.php on line 83
2025-08-29 16:24:42 - PHP Warning:  mail(): Failed to connect to mailserver at &quot;localhost&quot; port 25, verify your &quot;SMTP&quot; and &quot;smtp_port&quot; setting in php.ini or use ini_set() in C:\xampp\htdocs\system\library\mail\mail.php on line 83
2025-08-29 17:33:24 - PHP Warning:  mail(): Failed to connect to mailserver at &quot;localhost&quot; port 25, verify your &quot;SMTP&quot; and &quot;smtp_port&quot; setting in php.ini or use ini_set() in C:\xampp\htdocs\system\library\mail\mail.php on line 83
2025-09-01 5:21:20 - PHP Warning:  mail(): Failed to connect to mailserver at &quot;localhost&quot; port 25, verify your &quot;SMTP&quot; and &quot;smtp_port&quot; setting in php.ini or use ini_set() in C:\xampp\htdocs\system\library\mail\mail.php on line 83
2025-09-03 4:22:56 - PHP Warning:  mail(): Failed to connect to mailserver at &quot;localhost&quot; port 25, verify your &quot;SMTP&quot; and &quot;smtp_port&quot; setting in php.ini or use ini_set() in C:\xampp\htdocs\system\library\mail\mail.php on line 83
2025-09-03 7:06:36 - PHP Warning:  mail(): Failed to connect to mailserver at &quot;localhost&quot; port 25, verify your &quot;SMTP&quot; and &quot;smtp_port&quot; setting in php.ini or use ini_set() in C:\xampp\htdocs\system\library\mail\mail.php on line 83
2025-09-04 14:17:34 - PHP Warning:  mail(): Failed to connect to mailserver at &quot;localhost&quot; port 25, verify your &quot;SMTP&quot; and &quot;smtp_port&quot; setting in php.ini or use ini_set() in C:\xampp\htdocs\system\library\mail\mail.php on line 83
2025-09-05 3:51:29 - PHP Warning:  mail(): Failed to connect to mailserver at &quot;localhost&quot; port 25, verify your &quot;SMTP&quot; and &quot;smtp_port&quot; setting in php.ini or use ini_set() in C:\xampp\htdocs\system\library\mail\mail.php on line 83
2025-09-06 20:45:43 - PHP Warning:  mail(): Failed to connect to mailserver at &quot;localhost&quot; port 25, verify your &quot;SMTP&quot; and &quot;smtp_port&quot; setting in php.ini or use ini_set() in C:\xampp\htdocs\system\library\mail\mail.php on line 83
2025-09-07 20:34:53 - PHP Warning:  mail(): Failed to connect to mailserver at &quot;localhost&quot; port 25, verify your &quot;SMTP&quot; and &quot;smtp_port&quot; setting in php.ini or use ini_set() in C:\xampp\htdocs\system\library\mail\mail.php on line 83
2025-09-07 21:45:06 - PHP Warning:  mail(): Failed to connect to mailserver at &quot;localhost&quot; port 25, verify your &quot;SMTP&quot; and &quot;smtp_port&quot; setting in php.ini or use ini_set() in C:\xampp\htdocs\system\library\mail\mail.php on line 83
2025-09-26 11:07:41 - PHP Warning:  mail(): Failed to connect to mailserver at &quot;localhost&quot; port 25, verify your &quot;SMTP&quot; and &quot;smtp_port&quot; setting in php.ini or use ini_set() in C:\xampp\htdocs\system\library\mail\mail.php on line 83
2025-09-26 11:07:47 - PHP Warning:  mail(): Failed to connect to mailserver at &quot;localhost&quot; port 25, verify your &quot;SMTP&quot; and &quot;smtp_port&quot; setting in php.ini or use ini_set() in C:\xampp\htdocs\system\library\mail\mail.php on line 83
2025-09-26 11:07:54 - PHP Warning:  mail(): Failed to connect to mailserver at &quot;localhost&quot; port 25, verify your &quot;SMTP&quot; and &quot;smtp_port&quot; setting in php.ini or use ini_set() in C:\xampp\htdocs\system\library\mail\mail.php on line 83
2025-09-26 11:08:01 - PHP Warning:  mail(): Failed to connect to mailserver at &quot;localhost&quot; port 25, verify your &quot;SMTP&quot; and &quot;smtp_port&quot; setting in php.ini or use ini_set() in C:\xampp\htdocs\system\library\mail\mail.php on line 83
2025-09-26 11:08:08 - PHP Warning:  mail(): Failed to connect to mailserver at &quot;localhost&quot; port 25, verify your &quot;SMTP&quot; and &quot;smtp_port&quot; setting in php.ini or use ini_set() in C:\xampp\htdocs\system\library\mail\mail.php on line 83
2025-09-26 11:08:15 - PHP Warning:  mail(): Failed to connect to mailserver at &quot;localhost&quot; port 25, verify your &quot;SMTP&quot; and &quot;smtp_port&quot; setting in php.ini or use ini_set() in C:\xampp\htdocs\system\library\mail\mail.php on line 83
2025-09-27 22:26:08 - PHP Warning:  mail(): Failed to connect to mailserver at &quot;localhost&quot; port 25, verify your &quot;SMTP&quot; and &quot;smtp_port&quot; setting in php.ini or use ini_set() in C:\xampp\htdocs\system\library\mail\mail.php on line 83
2025-09-27 22:26:14 - PHP Warning:  mail(): Failed to connect to mailserver at &quot;localhost&quot; port 25, verify your &quot;SMTP&quot; and &quot;smtp_port&quot; setting in php.ini or use ini_set() in C:\xampp\htdocs\system\library\mail\mail.php on line 83
2025-09-27 22:26:20 - PHP Warning:  mail(): Failed to connect to mailserver at &quot;localhost&quot; port 25, verify your &quot;SMTP&quot; and &quot;smtp_port&quot; setting in php.ini or use ini_set() in C:\xampp\htdocs\system\library\mail\mail.php on line 83
2025-09-27 22:26:27 - PHP Warning:  mail(): Failed to connect to mailserver at &quot;localhost&quot; port 25, verify your &quot;SMTP&quot; and &quot;smtp_port&quot; setting in php.ini or use ini_set() in C:\xampp\htdocs\system\library\mail\mail.php on line 83
2025-09-27 22:26:34 - PHP Warning:  mail(): Failed to connect to mailserver at &quot;localhost&quot; port 25, verify your &quot;SMTP&quot; and &quot;smtp_port&quot; setting in php.ini or use ini_set() in C:\xampp\htdocs\system\library\mail\mail.php on line 83
2025-09-27 22:26:42 - PHP Warning:  mail(): Failed to connect to mailserver at &quot;localhost&quot; port 25, verify your &quot;SMTP&quot; and &quot;smtp_port&quot; setting in php.ini or use ini_set() in C:\xampp\htdocs\system\library\mail\mail.php on line 83
2025-09-29 1:49:12 - PHP Warning:  mail(): Failed to connect to mailserver at &quot;localhost&quot; port 25, verify your &quot;SMTP&quot; and &quot;smtp_port&quot; setting in php.ini or use ini_set() in C:\xampp\htdocs\system\library\mail\mail.php on line 83
2025-09-29 11:25:59 - PHP Warning:  mail(): Failed to connect to mailserver at &quot;localhost&quot; port 25, verify your &quot;SMTP&quot; and &quot;smtp_port&quot; setting in php.ini or use ini_set() in C:\xampp\htdocs\system\library\mail\mail.php on line 83
2025-09-29 11:26:04 - PHP Warning:  mail(): Failed to connect to mailserver at &quot;localhost&quot; port 25, verify your &quot;SMTP&quot; and &quot;smtp_port&quot; setting in php.ini or use ini_set() in C:\xampp\htdocs\system\library\mail\mail.php on line 83
2025-09-29 11:26:11 - PHP Warning:  mail(): Failed to connect to mailserver at &quot;localhost&quot; port 25, verify your &quot;SMTP&quot; and &quot;smtp_port&quot; setting in php.ini or use ini_set() in C:\xampp\htdocs\system\library\mail\mail.php on line 83
2025-09-29 11:26:18 - PHP Warning:  mail(): Failed to connect to mailserver at &quot;localhost&quot; port 25, verify your &quot;SMTP&quot; and &quot;smtp_port&quot; setting in php.ini or use ini_set() in C:\xampp\htdocs\system\library\mail\mail.php on line 83
2025-09-29 11:26:25 - PHP Warning:  mail(): Failed to connect to mailserver at &quot;localhost&quot; port 25, verify your &quot;SMTP&quot; and &quot;smtp_port&quot; setting in php.ini or use ini_set() in C:\xampp\htdocs\system\library\mail\mail.php on line 83
2025-09-29 11:26:33 - PHP Warning:  mail(): Failed to connect to mailserver at &quot;localhost&quot; port 25, verify your &quot;SMTP&quot; and &quot;smtp_port&quot; setting in php.ini or use ini_set() in C:\xampp\htdocs\system\library\mail\mail.php on line 83
2025-09-29 18:34:11 - PHP Warning:  mail(): Failed to connect to mailserver at &quot;localhost&quot; port 25, verify your &quot;SMTP&quot; and &quot;smtp_port&quot; setting in php.ini or use ini_set() in C:\xampp\htdocs\system\library\mail\mail.php on line 83
2025-10-01 6:57:11 - PHP Warning:  mail(): Failed to connect to mailserver at &quot;localhost&quot; port 25, verify your &quot;SMTP&quot; and &quot;smtp_port&quot; setting in php.ini or use ini_set() in C:\xampp\htdocs\system\library\mail\mail.php on line 83
2025-10-01 18:31:14 - PHP Warning:  mail(): Failed to connect to mailserver at &quot;localhost&quot; port 25, verify your &quot;SMTP&quot; and &quot;smtp_port&quot; setting in php.ini or use ini_set() in C:\xampp\htdocs\system\library\mail\mail.php on line 83
2025-10-04 6:33:48 - PHP Warning:  mail(): Failed to connect to mailserver at &quot;localhost&quot; port 25, verify your &quot;SMTP&quot; and &quot;smtp_port&quot; setting in php.ini or use ini_set() in C:\xampp\htdocs\system\library\mail\mail.php on line 83
2025-10-04 8:20:24 - PHP Warning:  mail(): Failed to connect to mailserver at &quot;localhost&quot; port 25, verify your &quot;SMTP&quot; and &quot;smtp_port&quot; setting in php.ini or use ini_set() in C:\xampp\htdocs\system\library\mail\mail.php on line 83
2025-10-05 6:36:41 - PHP Warning:  mail(): Failed to connect to mailserver at &quot;localhost&quot; port 25, verify your &quot;SMTP&quot; and &quot;smtp_port&quot; setting in php.ini or use ini_set() in C:\xampp\htdocs\system\library\mail\mail.php on line 83
2025-10-06 2:37:02 - PHP Warning:  mail(): Failed to connect to mailserver at &quot;localhost&quot; port 25, verify your &quot;SMTP&quot; and &quot;smtp_port&quot; setting in php.ini or use ini_set() in C:\xampp\htdocs\system\library\mail\mail.php on line 83
2025-10-06 4:24:07 - PHP Warning:  mail(): Failed to connect to mailserver at &quot;localhost&quot; port 25, verify your &quot;SMTP&quot; and &quot;smtp_port&quot; setting in php.ini or use ini_set() in C:\xampp\htdocs\system\library\mail\mail.php on line 83
2025-10-06 7:27:13 - PHP Warning:  mail(): Failed to connect to mailserver at &quot;localhost&quot; port 25, verify your &quot;SMTP&quot; and &quot;smtp_port&quot; setting in php.ini or use ini_set() in C:\xampp\htdocs\system\library\mail\mail.php on line 83
2025-10-07 0:47:49 - PHP Warning:  mail(): Failed to connect to mailserver at &quot;localhost&quot; port 25, verify your &quot;SMTP&quot; and &quot;smtp_port&quot; setting in php.ini or use ini_set() in C:\xampp\htdocs\system\library\mail\mail.php on line 83
2025-10-09 9:45:29 - PHP Warning:  mail(): Failed to connect to mailserver at &quot;localhost&quot; port 25, verify your &quot;SMTP&quot; and &quot;smtp_port&quot; setting in php.ini or use ini_set() in C:\xampp\htdocs\system\library\mail\mail.php on line 83
2025-10-10 7:17:45 - PHP Warning:  mail(): Failed to connect to mailserver at &quot;localhost&quot; port 25, verify your &quot;SMTP&quot; and &quot;smtp_port&quot; setting in php.ini or use ini_set() in C:\xampp\htdocs\system\library\mail\mail.php on line 83
2025-10-11 10:38:10 - PHP Warning:  mail(): Failed to connect to mailserver at &quot;localhost&quot; port 25, verify your &quot;SMTP&quot; and &quot;smtp_port&quot; setting in php.ini or use ini_set() in C:\xampp\htdocs\system\library\mail\mail.php on line 83
2025-10-11 16:06:08 - PHP Warning:  mail(): Failed to connect to mailserver at &quot;localhost&quot; port 25, verify your &quot;SMTP&quot; and &quot;smtp_port&quot; setting in php.ini or use ini_set() in C:\xampp\htdocs\system\library\mail\mail.php on line 83
2025-10-12 11:09:16 - PHP Warning:  mail(): Failed to connect to mailserver at &quot;localhost&quot; port 25, verify your &quot;SMTP&quot; and &quot;smtp_port&quot; setting in php.ini or use ini_set() in C:\xampp\htdocs\system\library\mail\mail.php on line 83
2025-10-13 0:32:27 - PHP Warning:  mail(): Failed to connect to mailserver at &quot;localhost&quot; port 25, verify your &quot;SMTP&quot; and &quot;smtp_port&quot; setting in php.ini or use ini_set() in C:\xampp\htdocs\system\library\mail\mail.php on line 83
2025-10-14 1:29:27 - PHP Warning:  mail(): Failed to connect to mailserver at &quot;localhost&quot; port 25, verify your &quot;SMTP&quot; and &quot;smtp_port&quot; setting in php.ini or use ini_set() in C:\xampp\htdocs\system\library\mail\mail.php on line 83
2025-10-21 9:43:06 - PHP Warning:  mail(): Failed to connect to mailserver at &quot;localhost&quot; port 25, verify your &quot;SMTP&quot; and &quot;smtp_port&quot; setting in php.ini or use ini_set() in C:\xampp\htdocs\system\library\mail\mail.php on line 83
2025-10-21 19:34:13 - PHP Warning:  mail(): Failed to connect to mailserver at &quot;localhost&quot; port 25, verify your &quot;SMTP&quot; and &quot;smtp_port&quot; setting in php.ini or use ini_set() in C:\xampp\htdocs\system\library\mail\mail.php on line 83
2025-10-23 19:11:19 - PHP Warning:  mail(): Failed to connect to mailserver at &quot;localhost&quot; port 25, verify your &quot;SMTP&quot; and &quot;smtp_port&quot; setting in php.ini or use ini_set() in C:\xampp\htdocs\system\library\mail\mail.php on line 83
2025-10-23 19:11:25 - PHP Warning:  mail(): Failed to connect to mailserver at &quot;localhost&quot; port 25, verify your &quot;SMTP&quot; and &quot;smtp_port&quot; setting in php.ini or use ini_set() in C:\xampp\htdocs\system\library\mail\mail.php on line 83
2025-10-23 19:11:31 - PHP Warning:  mail(): Failed to connect to mailserver at &quot;localhost&quot; port 25, verify your &quot;SMTP&quot; and &quot;smtp_port&quot; setting in php.ini or use ini_set() in C:\xampp\htdocs\system\library\mail\mail.php on line 83
2025-10-23 19:11:38 - PHP Warning:  mail(): Failed to connect to mailserver at &quot;localhost&quot; port 25, verify your &quot;SMTP&quot; and &quot;smtp_port&quot; setting in php.ini or use ini_set() in C:\xampp\htdocs\system\library\mail\mail.php on line 83
2025-10-23 19:11:45 - PHP Warning:  mail(): Failed to connect to mailserver at &quot;localhost&quot; port 25, verify your &quot;SMTP&quot; and &quot;smtp_port&quot; setting in php.ini or use ini_set() in C:\xampp\htdocs\system\library\mail\mail.php on line 83
2025-10-23 19:11:52 - PHP Warning:  mail(): Failed to connect to mailserver at &quot;localhost&quot; port 25, verify your &quot;SMTP&quot; and &quot;smtp_port&quot; setting in php.ini or use ini_set() in C:\xampp\htdocs\system\library\mail\mail.php on line 83
2025-10-24 6:37:46 - PHP Warning:  mail(): Failed to connect to mailserver at &quot;localhost&quot; port 25, verify your &quot;SMTP&quot; and &quot;smtp_port&quot; setting in php.ini or use ini_set() in C:\xampp\htdocs\system\library\mail\mail.php on line 83
2025-10-24 9:09:48 - PHP Warning:  mail(): Failed to connect to mailserver at &quot;localhost&quot; port 25, verify your &quot;SMTP&quot; and &quot;smtp_port&quot; setting in php.ini or use ini_set() in C:\xampp\htdocs\system\library\mail\mail.php on line 83
2025-11-05 20:11:32 - PHP Warning:  mail(): Failed to connect to mailserver at &quot;localhost&quot; port 25, verify your &quot;SMTP&quot; and &quot;smtp_port&quot; setting in php.ini or use ini_set() in C:\xampp\htdocs\system\library\mail\mail.php on line 83
2025-11-05 22:43:01 - PHP Warning:  Undefined array key "title" in C:\xampp\htdocs\catalog\controller\extension\d_blog_module\search.php on line 117
2025-11-06 2:26:00 - PHP Warning:  mail(): Failed to connect to mailserver at &quot;localhost&quot; port 25, verify your &quot;SMTP&quot; and &quot;smtp_port&quot; setting in php.ini or use ini_set() in C:\xampp\htdocs\system\library\mail\mail.php on line 83
2025-11-06 6:32:23 - PHP Warning:  Undefined array key "title" in C:\xampp\htdocs\catalog\controller\extension\d_blog_module\search.php on line 117
2025-11-06 9:03:46 - PHP Warning:  mail(): Failed to connect to mailserver at &quot;localhost&quot; port 25, verify your &quot;SMTP&quot; and &quot;smtp_port&quot; setting in php.ini or use ini_set() in C:\xampp\htdocs\system\library\mail\mail.php on line 83
2025-11-06 13:26:56 - PHP Warning:  mail(): Failed to connect to mailserver at &quot;localhost&quot; port 25, verify your &quot;SMTP&quot; and &quot;smtp_port&quot; setting in php.ini or use ini_set() in C:\xampp\htdocs\system\library\mail\mail.php on line 83
2025-11-09 4:23:11 - PHP Warning:  mail(): Failed to connect to mailserver at &quot;localhost&quot; port 25, verify your &quot;SMTP&quot; and &quot;smtp_port&quot; setting in php.ini or use ini_set() in C:\xampp\htdocs\system\library\mail\mail.php on line 83
2025-11-09 12:26:09 - PHP Warning:  mail(): Failed to connect to mailserver at &quot;localhost&quot; port 25, verify your &quot;SMTP&quot; and &quot;smtp_port&quot; setting in php.ini or use ini_set() in C:\xampp\htdocs\system\library\mail\mail.php on line 83
2025-11-09 13:55:15 - PHP Warning:  mail(): Failed to connect to mailserver at &quot;localhost&quot; port 25, verify your &quot;SMTP&quot; and &quot;smtp_port&quot; setting in php.ini or use ini_set() in C:\xampp\htdocs\system\library\mail\mail.php on line 83
2025-11-10 9:36:02 - PHP Warning:  mail(): Failed to connect to mailserver at &quot;localhost&quot; port 25, verify your &quot;SMTP&quot; and &quot;smtp_port&quot; setting in php.ini or use ini_set() in C:\xampp\htdocs\system\library\mail\mail.php on line 83
2025-11-10 13:35:11 - PHP Warning:  mail(): Failed to connect to mailserver at &quot;localhost&quot; port 25, verify your &quot;SMTP&quot; and &quot;smtp_port&quot; setting in php.ini or use ini_set() in C:\xampp\htdocs\system\library\mail\mail.php on line 83
2025-11-10 14:07:52 - PHP Warning:  mail(): Failed to connect to mailserver at &quot;localhost&quot; port 25, verify your &quot;SMTP&quot; and &quot;smtp_port&quot; setting in php.ini or use ini_set() in C:\xampp\htdocs\system\library\mail\mail.php on line 83
2025-11-10 14:07:58 - PHP Warning:  mail(): Failed to connect to mailserver at &quot;localhost&quot; port 25, verify your &quot;SMTP&quot; and &quot;smtp_port&quot; setting in php.ini or use ini_set() in C:\xampp\htdocs\system\library\mail\mail.php on line 83
2025-11-10 14:08:04 - PHP Warning:  mail(): Failed to connect to mailserver at &quot;localhost&quot; port 25, verify your &quot;SMTP&quot; and &quot;smtp_port&quot; setting in php.ini or use ini_set() in C:\xampp\htdocs\system\library\mail\mail.php on line 83
2025-11-10 14:08:11 - PHP Warning:  mail(): Failed to connect to mailserver at &quot;localhost&quot; port 25, verify your &quot;SMTP&quot; and &quot;smtp_port&quot; setting in php.ini or use ini_set() in C:\xampp\htdocs\system\library\mail\mail.php on line 83
2025-11-10 14:08:18 - PHP Warning:  mail(): Failed to connect to mailserver at &quot;localhost&quot; port 25, verify your &quot;SMTP&quot; and &quot;smtp_port&quot; setting in php.ini or use ini_set() in C:\xampp\htdocs\system\library\mail\mail.php on line 83
2025-11-10 14:08:24 - PHP Warning:  mail(): Failed to connect to mailserver at &quot;localhost&quot; port 25, verify your &quot;SMTP&quot; and &quot;smtp_port&quot; setting in php.ini or use ini_set() in C:\xampp\htdocs\system\library\mail\mail.php on line 83
2025-11-10 16:51:38 - PHP Warning:  mail(): Failed to connect to mailserver at &quot;localhost&quot; port 25, verify your &quot;SMTP&quot; and &quot;smtp_port&quot; setting in php.ini or use ini_set() in C:\xampp\htdocs\system\library\mail\mail.php on line 83
2025-11-10 21:56:54 - PHP Warning:  mail(): Failed to connect to mailserver at &quot;localhost&quot; port 25, verify your &quot;SMTP&quot; and &quot;smtp_port&quot; setting in php.ini or use ini_set() in C:\xampp\htdocs\system\library\mail\mail.php on line 83
2025-11-11 4:39:52 - PHP Warning:  mail(): Failed to connect to mailserver at &quot;localhost&quot; port 25, verify your &quot;SMTP&quot; and &quot;smtp_port&quot; setting in php.ini or use ini_set() in C:\xampp\htdocs\system\library\mail\mail.php on line 83
2025-11-11 9:07:46 - PHP Warning:  mail(): Failed to connect to mailserver at &quot;localhost&quot; port 25, verify your &quot;SMTP&quot; and &quot;smtp_port&quot; setting in php.ini or use ini_set() in C:\xampp\htdocs\system\library\mail\mail.php on line 83
2025-11-11 12:30:18 - PHP Warning:  mail(): Failed to connect to mailserver at &quot;localhost&quot; port 25, verify your &quot;SMTP&quot; and &quot;smtp_port&quot; setting in php.ini or use ini_set() in C:\xampp\htdocs\system\library\mail\mail.php on line 83
2025-11-12 9:59:15 - PHP Warning:  mail(): Failed to connect to mailserver at &quot;localhost&quot; port 25, verify your &quot;SMTP&quot; and &quot;smtp_port&quot; setting in php.ini or use ini_set() in C:\xampp\htdocs\system\library\mail\mail.php on line 83
2025-11-14 6:03:35 - PHP Warning:  mail(): Failed to connect to mailserver at &quot;localhost&quot; port 25, verify your &quot;SMTP&quot; and &quot;smtp_port&quot; setting in php.ini or use ini_set() in C:\xampp\htdocs\system\library\mail\mail.php on line 83
2025-11-15 1:33:16 - PHP Warning:  mail(): Failed to connect to mailserver at &quot;localhost&quot; port 25, verify your &quot;SMTP&quot; and &quot;smtp_port&quot; setting in php.ini or use ini_set() in C:\xampp\htdocs\system\library\mail\mail.php on line 83
2025-11-15 4:52:32 - PHP Warning:  mail(): Failed to connect to mailserver at &quot;localhost&quot; port 25, verify your &quot;SMTP&quot; and &quot;smtp_port&quot; setting in php.ini or use ini_set() in C:\xampp\htdocs\system\library\mail\mail.php on line 83
2025-11-15 5:47:49 - PHP Warning:  mail(): Failed to connect to mailserver at &quot;localhost&quot; port 25, verify your &quot;SMTP&quot; and &quot;smtp_port&quot; setting in php.ini or use ini_set() in C:\xampp\htdocs\system\library\mail\mail.php on line 83
2025-11-15 9:47:08 - PHP Warning:  mail(): Failed to connect to mailserver at &quot;localhost&quot; port 25, verify your &quot;SMTP&quot; and &quot;smtp_port&quot; setting in php.ini or use ini_set() in C:\xampp\htdocs\system\library\mail\mail.php on line 83
2025-11-16 8:03:10 - PHP Warning:  mail(): Failed to connect to mailserver at &quot;localhost&quot; port 25, verify your &quot;SMTP&quot; and &quot;smtp_port&quot; setting in php.ini or use ini_set() in C:\xampp\htdocs\system\library\mail\mail.php on line 83
2025-11-16 18:41:34 - PHP Warning:  mail(): Failed to connect to mailserver at &quot;localhost&quot; port 25, verify your &quot;SMTP&quot; and &quot;smtp_port&quot; setting in php.ini or use ini_set() in C:\xampp\htdocs\system\library\mail\mail.php on line 83
2025-11-17 8:44:14 - PHP Warning:  mail(): Failed to connect to mailserver at &quot;localhost&quot; port 25, verify your &quot;SMTP&quot; and &quot;smtp_port&quot; setting in php.ini or use ini_set() in C:\xampp\htdocs\system\library\mail\mail.php on line 83
2025-11-17 23:44:08 - PHP Warning:  mail(): Failed to connect to mailserver at &quot;localhost&quot; port 25, verify your &quot;SMTP&quot; and &quot;smtp_port&quot; setting in php.ini or use ini_set() in C:\xampp\htdocs\system\library\mail\mail.php on line 83
2025-11-18 11:29:00 - PHP Warning:  Undefined array key "fileupload" in C:\xampp\htdocs\catalog\controller\extension\d_blog_module\review.php on line 479
2025-11-18 11:29:00 - PHP Warning:  Trying to access array offset on value of type null in C:\xampp\htdocs\catalog\controller\extension\d_blog_module\review.php on line 479
2025-11-18 11:29:00 - PHP Warning:  foreach() argument must be of type array|object, null given in C:\xampp\htdocs\catalog\controller\extension\d_blog_module\review.php on line 479
2025-11-18 12:09:43 - PHP Warning:  Undefined array key "fileupload" in C:\xampp\htdocs\catalog\controller\extension\d_blog_module\review.php on line 479
2025-11-18 12:09:43 - PHP Warning:  Trying to access array offset on value of type null in C:\xampp\htdocs\catalog\controller\extension\d_blog_module\review.php on line 479
2025-11-18 12:09:43 - PHP Warning:  foreach() argument must be of type array|object, null given in C:\xampp\htdocs\catalog\controller\extension\d_blog_module\review.php on line 479
2025-11-18 12:25:18 - PHP Warning:  Undefined array key "fileupload" in C:\xampp\htdocs\catalog\controller\extension\d_blog_module\review.php on line 479
2025-11-18 12:25:18 - PHP Warning:  Trying to access array offset on value of type null in C:\xampp\htdocs\catalog\controller\extension\d_blog_module\review.php on line 479
2025-11-18 12:25:18 - PHP Warning:  foreach() argument must be of type array|object, null given in C:\xampp\htdocs\catalog\controller\extension\d_blog_module\review.php on line 479
2025-11-18 23:21:12 - PHP Warning:  mail(): Failed to connect to mailserver at &quot;localhost&quot; port 25, verify your &quot;SMTP&quot; and &quot;smtp_port&quot; setting in php.ini or use ini_set() in C:\xampp\htdocs\system\library\mail\mail.php on line 83
2025-11-19 3:15:46 - PHP Warning:  mail(): Failed to connect to mailserver at &quot;localhost&quot; port 25, verify your &quot;SMTP&quot; and &quot;smtp_port&quot; setting in php.ini or use ini_set() in C:\xampp\htdocs\system\library\mail\mail.php on line 83
2025-11-19 9:10:08 - PHP Warning:  mail(): Failed to connect to mailserver at &quot;localhost&quot; port 25, verify your &quot;SMTP&quot; and &quot;smtp_port&quot; setting in php.ini or use ini_set() in C:\xampp\htdocs\system\library\mail\mail.php on line 83
2025-11-19 23:26:54 - PHP Warning:  mail(): Failed to connect to mailserver at &quot;localhost&quot; port 25, verify your &quot;SMTP&quot; and &quot;smtp_port&quot; setting in php.ini or use ini_set() in C:\xampp\htdocs\system\library\mail\mail.php on line 83
2025-11-19 23:34:29 - PHP Warning:  mail(): Failed to connect to mailserver at &quot;localhost&quot; port 25, verify your &quot;SMTP&quot; and &quot;smtp_port&quot; setting in php.ini or use ini_set() in C:\xampp\htdocs\system\library\mail\mail.php on line 83
2025-11-20 4:27:57 - PHP Warning:  mail(): Failed to connect to mailserver at &quot;localhost&quot; port 25, verify your &quot;SMTP&quot; and &quot;smtp_port&quot; setting in php.ini or use ini_set() in C:\xampp\htdocs\system\library\mail\mail.php on line 83
2025-11-20 10:04:00 - PHP Warning:  mail(): Failed to connect to mailserver at &quot;localhost&quot; port 25, verify your &quot;SMTP&quot; and &quot;smtp_port&quot; setting in php.ini or use ini_set() in C:\xampp\htdocs\system\library\mail\mail.php on line 83
2025-11-20 23:08:30 - PHP Warning:  mail(): Failed to connect to mailserver at &quot;localhost&quot; port 25, verify your &quot;SMTP&quot; and &quot;smtp_port&quot; setting in php.ini or use ini_set() in C:\xampp\htdocs\system\library\mail\mail.php on line 83
2025-11-22 5:11:55 - PHP Warning:  mail(): Failed to connect to mailserver at &quot;localhost&quot; port 25, verify your &quot;SMTP&quot; and &quot;smtp_port&quot; setting in php.ini or use ini_set() in C:\xampp\htdocs\system\library\mail\mail.php on line 83
2025-11-22 13:37:25 - PHP Warning:  mail(): Failed to connect to mailserver at &quot;localhost&quot; port 25, verify your &quot;SMTP&quot; and &quot;smtp_port&quot; setting in php.ini or use ini_set() in C:\xampp\htdocs\system\library\mail\mail.php on line 83
2025-11-23 2:35:32 - PHP Warning:  mail(): Failed to connect to mailserver at &quot;localhost&quot; port 25, verify your &quot;SMTP&quot; and &quot;smtp_port&quot; setting in php.ini or use ini_set() in C:\xampp\htdocs\system\library\mail\mail.php on line 83
2025-11-23 18:54:06 - PHP Warning:  mail(): Failed to connect to mailserver at &quot;localhost&quot; port 25, verify your &quot;SMTP&quot; and &quot;smtp_port&quot; setting in php.ini or use ini_set() in C:\xampp\htdocs\system\library\mail\mail.php on line 83
2025-11-24 3:26:28 - PHP Warning:  mail(): Failed to connect to mailserver at &quot;localhost&quot; port 25, verify your &quot;SMTP&quot; and &quot;smtp_port&quot; setting in php.ini or use ini_set() in C:\xampp\htdocs\system\library\mail\mail.php on line 83
2025-11-24 14:02:25 - PHP Warning:  mail(): Failed to connect to mailserver at &quot;localhost&quot; port 25, verify your &quot;SMTP&quot; and &quot;smtp_port&quot; setting in php.ini or use ini_set() in C:\xampp\htdocs\system\library\mail\mail.php on line 83
2025-11-24 20:10:15 - PHP Warning:  mail(): Failed to connect to mailserver at &quot;localhost&quot; port 25, verify your &quot;SMTP&quot; and &quot;smtp_port&quot; setting in php.ini or use ini_set() in C:\xampp\htdocs\system\library\mail\mail.php on line 83
2025-11-26 9:49:14 - PHP Warning:  Undefined array key "filter_category" in C:\xampp\htdocs\admin\controller\extension\d_blog_module\post.php on line 155
2025-11-26 9:49:23 - PHP Warning:  Undefined array key "filter_category" in C:\xampp\htdocs\admin\controller\extension\d_blog_module\post.php on line 155
2025-11-26 9:51:01 - PHP Warning:  Undefined array key "filter_category" in C:\xampp\htdocs\admin\controller\extension\d_blog_module\post.php on line 155
2025-11-26 9:51:18 - PHP Warning:  Undefined array key "filter_category" in C:\xampp\htdocs\admin\controller\extension\d_blog_module\post.php on line 155
2025-11-26 9:55:55 - PHP Warning:  Undefined array key "filter_category" in C:\xampp\htdocs\admin\controller\extension\d_blog_module\post.php on line 155
2025-11-26 9:56:00 - PHP Warning:  Undefined array key "filter_category" in C:\xampp\htdocs\admin\controller\extension\d_blog_module\post.php on line 155
2025-11-26 9:57:14 - PHP Warning:  Undefined array key "filter_category" in C:\xampp\htdocs\admin\controller\extension\d_blog_module\post.php on line 155
2025-11-26 11:58:32 - PHP Warning:  fopen(C:/xampp/htdocs/system/storage/cache/cache.catalog.language.1764133112): Failed to open stream: No such file or directory in C:\xampp\htdocs\system\library\cache\file.php on line 49
2025-11-26 14:57:08 - PHP Warning:  mysqli::query(): (HY000/2006): MySQL server has gone away in C:\xampp\htdocs\system\library\db\mysqli.php on line 25
2025-11-26 14:57:09 - PHP Warning:  mysqli::query(): (HY000/2006): MySQL server has gone away in C:\xampp\htdocs\system\library\db\mysqli.php on line 25
2025-11-26 15:16:50 - PHP Warning:  Undefined array key "filter_category" in C:\xampp\htdocs\admin\controller\extension\d_blog_module\post.php on line 155
2025-11-26 15:17:35 - PHP Warning:  Undefined array key "filter_category" in C:\xampp\htdocs\admin\controller\extension\d_blog_module\post.php on line 155
2025-11-26 15:17:50 - PHP Warning:  Undefined array key "filter_category" in C:\xampp\htdocs\admin\controller\extension\d_blog_module\post.php on line 155
2025-11-26 15:18:04 - PHP Warning:  Undefined array key "filter_category" in C:\xampp\htdocs\admin\controller\extension\d_blog_module\post.php on line 155
2025-11-26 15:20:40 - PHP Warning:  mysqli::query(): (HY000/2006): MySQL server has gone away in C:\xampp\htdocs\system\library\db\mysqli.php on line 25
2025-11-26 15:20:42 - PHP Warning:  mysqli::query(): (HY000/2006): MySQL server has gone away in C:\xampp\htdocs\system\library\db\mysqli.php on line 25
2025-11-26 15:21:37 - PHP Warning:  Undefined array key "filter_category" in C:\xampp\htdocs\admin\controller\extension\d_blog_module\post.php on line 155
2025-11-26 15:23:46 - PHP Warning:  Undefined array key "filter_category" in C:\xampp\htdocs\admin\controller\extension\d_blog_module\post.php on line 155
2025-11-26 15:30:57 - PHP Warning:  Undefined array key "filter_category" in C:\xampp\htdocs\admin\controller\extension\d_blog_module\post.php on line 155
2025-11-26 15:31:21 - PHP Warning:  Undefined array key "filter_category" in C:\xampp\htdocs\admin\controller\extension\d_blog_module\post.php on line 155
2025-11-26 15:50:29 - PHP Warning:  Undefined array key "filter_category" in C:\xampp\htdocs\admin\controller\extension\d_blog_module\post.php on line 155
2025-11-26 15:55:03 - PHP Warning:  Undefined array key "filter_category" in C:\xampp\htdocs\admin\controller\extension\d_blog_module\post.php on line 155
2025-11-26 15:56:50 - PHP Warning:  Undefined array key "filter_category" in C:\xampp\htdocs\admin\controller\extension\d_blog_module\post.php on line 155
2025-11-26 16:06:53 - PHP Warning:  Undefined array key "filter_category" in C:\xampp\htdocs\admin\controller\extension\d_blog_module\post.php on line 155
2025-11-26 16:07:02 - PHP Warning:  Undefined array key "filter_category" in C:\xampp\htdocs\admin\controller\extension\d_blog_module\post.php on line 155
2025-11-26 16:16:48 - PHP Warning:  Undefined array key "filter_category" in C:\xampp\htdocs\admin\controller\extension\d_blog_module\post.php on line 155
2026-01-28 14:35:16 - PHP Warning:  Undefined array key "filter_category" in C:\xampp\htdocs\admin\controller\extension\d_blog_module\post.php on line 155
2026-01-28 14:59:33 - PHP Warning:  Undefined array key "filter_category" in C:\xampp\htdocs\admin\controller\extension\d_blog_module\post.php on line 155
2026-01-28 15:04:38 - PHP Warning:  Undefined array key "filter_category" in C:\xampp\htdocs\admin\controller\extension\d_blog_module\post.php on line 155
2026-01-28 15:09:03 - PHP Warning:  Undefined array key "filter_category" in C:\xampp\htdocs\admin\controller\extension\d_blog_module\post.php on line 155
2026-01-28 15:26:37 - PHP Warning:  Undefined array key "filter_category" in C:\xampp\htdocs\admin\controller\extension\d_blog_module\post.php on line 155
2026-01-28 15:28:41 - PHP Warning:  Undefined array key "filter_category" in C:\xampp\htdocs\admin\controller\extension\d_blog_module\post.php on line 155
2026-01-28 15:29:20 - PHP Warning:  Undefined array key "filter_category" in C:\xampp\htdocs\admin\controller\extension\d_blog_module\post.php on line 155
2026-01-28 15:29:56 - PHP Warning:  Undefined array key "filter_category" in C:\xampp\htdocs\admin\controller\extension\d_blog_module\post.php on line 155
2026-01-28 15:30:24 - PHP Warning:  Undefined array key "filter_category" in C:\xampp\htdocs\admin\controller\extension\d_blog_module\post.php on line 155
2026-01-28 15:31:38 - PHP Warning:  Undefined array key "filter_category" in C:\xampp\htdocs\admin\controller\extension\d_blog_module\post.php on line 155
2026-01-28 15:57:21 - PHP Warning:  Undefined array key "filter_category" in C:\xampp\htdocs\admin\controller\extension\d_blog_module\post.php on line 155
2026-01-29 11:19:49 - PHP Warning:  Undefined array key "filter_category" in C:\xampp\htdocs\admin\controller\extension\d_blog_module\post.php on line 155
